INFO: [VRFC 10-2263] Analyzing Verilog file "E:/SR/procesor/procesor.srcs/sources_1/new/ALU.v" into library xil_defaultlib
INFO: [VRFC 10-311] analyzing module ALU
INFO: [VRFC 10-2263] Analyzing Verilog file "E:/SR/procesor/procesor.srcs/sources_1/new/alu_mux.v" into library xil_defaultlib
INFO: [VRFC 10-311] analyzing module alu_mux
INFO: [VRFC 10-2263] Analyzing Verilog file "E:/SR/procesor/procesor.srcs/sources_1/import/d_mem.v" into library xil_defaultlib
INFO: [VRFC 10-311] analyzing module d_mem
INFO: [VRFC 10-2263] Analyzing Verilog file "E:/SR/procesor/procesor.srcs/sources_1/new/decoder.v" into library xil_defaultlib
INFO: [VRFC 10-311] analyzing module decoder
INFO: [VRFC 10-2263] Analyzing Verilog file "E:/SR/procesor/procesor.srcs/sources_1/import/i_mem.v" into library xil_defaultlib
INFO: [VRFC 10-311] analyzing module i_mem
INFO: [VRFC 10-2263] Analyzing Verilog file "E:/SR/procesor/procesor.srcs/sources_1/new/imm_mux.v" into library xil_defaultlib
INFO: [VRFC 10-311] analyzing module imm_mux
INFO: [VRFC 10-2263] Analyzing Verilog file "E:/SR/procesor/procesor.srcs/sources_1/new/jump_cond.v" into library xil_defaultlib
INFO: [VRFC 10-311] analyzing module jump_cond
INFO: [VRFC 10-2263] Analyzing Verilog file "E:/SR/procesor/procesor.srcs/sources_1/new/pc_mux.v" into library xil_defaultlib
INFO: [VRFC 10-311] analyzing module pc_mux
INFO: [VRFC 10-2263] Analyzing Verilog file "E:/SR/procesor/procesor.srcs/sources_1/new/procesor.v" into library xil_defaultlib
INFO: [VRFC 10-311] analyzing module procesor
INFO: [VRFC 10-2263] Analyzing Verilog file "E:/SR/procesor/procesor.srcs/sources_1/new/rd_mux.v" into library xil_defaultlib
INFO: [VRFC 10-311] analyzing module rd_mux
INFO: [VRFC 10-2263] Analyzing Verilog file "E:/SR/procesor/procesor.srcs/sources_1/new/register.v" into library xil_defaultlib
INFO: [VRFC 10-311] analyzing module register
INFO: [VRFC 10-2263] Analyzing Verilog file "E:/SR/procesor/procesor.srcs/sources_1/new/rx_mux.v" into library xil_defaultlib
INFO: [VRFC 10-311] analyzing module rx_mux
INFO: [VRFC 10-2263] Analyzing Verilog file "E:/SR/procesor/procesor.srcs/sources_1/new/ry_mux.v" into library xil_defaultlib
INFO: [VRFC 10-311] analyzing module ry_mux
INFO: [VRFC 10-2263] Analyzing Verilog file "E:/SR/procesor/procesor.srcs/sim_1/new/tb_procesor.v" into library xil_defaultlib
INFO: [VRFC 10-311] analyzing module tb_processor
